<?xml version="1.0" encoding="UTF-8"?>
<testng-results ignored="0" total="4" passed="4" failed="0" skipped="0">
  <reporter-output>
  </reporter-output>
  <suite started-at="2022-05-16T12:11:40 IST" name="Default suite" finished-at="2022-05-16T12:11:40 IST" duration-ms="69">
    <groups>
    </groups>
    <test started-at="2022-05-16T12:11:40 IST" name="Default test" finished-at="2022-05-16T12:11:40 IST" duration-ms="69">
      <class name="testngLearning.TestCase1">
        <test-method signature="test1()[pri:0, instance:testngLearning.TestCase1@52102734]" started-at="2022-05-16T12:11:40 IST" name="test1" finished-at="2022-05-16T12:11:40 IST" duration-ms="11" status="PASS">
          <reporter-output>
          </reporter-output>
        </test-method> <!-- test1 -->
        <test-method signature="test2()[pri:0, instance:testngLearning.TestCase1@52102734]" started-at="2022-05-16T12:11:40 IST" name="test2" finished-at="2022-05-16T12:11:40 IST" duration-ms="2" status="PASS">
          <reporter-output>
          </reporter-output>
        </test-method> <!-- test2 -->
        <test-method signature="test3()[pri:0, instance:testngLearning.TestCase1@52102734]" started-at="2022-05-16T12:11:40 IST" name="test3" finished-at="2022-05-16T12:11:40 IST" duration-ms="2" status="PASS">
          <reporter-output>
          </reporter-output>
        </test-method> <!-- test3 -->
        <test-method signature="test4()[pri:0, instance:testngLearning.TestCase1@52102734]" started-at="2022-05-16T12:11:40 IST" name="test4" finished-at="2022-05-16T12:11:40 IST" duration-ms="1" status="PASS">
          <reporter-output>
          </reporter-output>
        </test-method> <!-- test4 -->
      </class> <!-- testngLearning.TestCase1 -->
    </test> <!-- Default test -->
  </suite> <!-- Default suite -->
</testng-results>
